<?xml version="1.0" encoding="UTF-8"?>
<testng-results ignored="0" total="1" passed="1" failed="0" skipped="0">
  <reporter-output>
  </reporter-output>
  <suite started-at="2023-10-07T22:20:42 IST" name="Default suite" finished-at="2023-10-07T22:20:54 IST" duration-ms="12335">
    <groups>
    </groups>
    <test started-at="2023-10-07T22:20:42 IST" name="Default test" finished-at="2023-10-07T22:20:54 IST" duration-ms="12335">
      <class name="mavenforjenkins.UITest">
        <test-method signature="startBrowser()[pri:0, instance:mavenforjenkins.UITest@130161f7]" started-at="2023-10-07T22:20:42 IST" name="startBrowser" finished-at="2023-10-07T22:20:54 IST" duration-ms="12319" status="PASS">
          <reporter-output>
          </reporter-output>
        </test-method> <!-- startBrowser -->
      </class> <!-- mavenforjenkins.UITest -->
    </test> <!-- Default test -->
  </suite> <!-- Default suite -->
</testng-results>
